2025-03-06T12:09:50.762+02:00 r= ip=  INFO 2988 --- [wendys-family-tree] [main] .a.i.SeprIndividualAssignmentApplication : Starting SeprIndividualAssignmentApplication using Java 23.0.1 with PID 2988 (D:\TU\8 Semester\sepr\sepr-individual-assignment-Wendys-Family-Tree-java-template\Wendys-Family-Tree\backend\target\classes started by 11 in D:\TU\8 Semester\sepr\sepr-individual-assignment-Wendys-Family-Tree-java-template\Wendys-Family-Tree\backend)
2025-03-06T12:09:50.764+02:00 r= ip=  INFO 2988 --- [wendys-family-tree] [main] .a.i.SeprIndividualAssignmentApplication : No active profile set, falling back to 1 default profile: "default"
2025-03-06T12:09:51.530+02:00 r= ip=  INFO 2988 --- [wendys-family-tree] [main] o.s.b.w.embedded.tomcat.TomcatWebServer  : Tomcat initialized with port 8080 (http)
2025-03-06T12:09:51.546+02:00 r= ip=  INFO 2988 --- [wendys-family-tree] [main] o.apache.catalina.core.StandardService   : Starting service [Tomcat]
2025-03-06T12:09:51.547+02:00 r= ip=  INFO 2988 --- [wendys-family-tree] [main] o.apache.catalina.core.StandardEngine    : Starting Servlet engine: [Apache Tomcat/10.1.36]
2025-03-06T12:09:51.593+02:00 r= ip=  INFO 2988 --- [wendys-family-tree] [main] o.a.c.c.C.[Tomcat].[localhost].[/]       : Initializing Spring embedded WebApplicationContext
2025-03-06T12:09:51.593+02:00 r= ip=  INFO 2988 --- [wendys-family-tree] [main] w.s.c.ServletWebServerApplicationContext : Root WebApplicationContext: initialization completed in 788 ms
2025-03-06T12:09:51.933+02:00 r= ip=  INFO 2988 --- [wendys-family-tree] [main] com.zaxxer.hikari.HikariDataSource       : HikariPool-1 - Starting...
2025-03-06T12:09:52.177+02:00 r= ip=  INFO 2988 --- [wendys-family-tree] [main] com.zaxxer.hikari.pool.HikariPool        : HikariPool-1 - Added connection conn1: url=jdbc:h2:./wendydb user=SA
2025-03-06T12:09:52.179+02:00 r= ip=  INFO 2988 --- [wendys-family-tree] [main] com.zaxxer.hikari.HikariDataSource       : HikariPool-1 - Start completed.
2025-03-06T12:09:52.187+02:00 r= ip=  INFO 2988 --- [wendys-family-tree] [main] o.s.b.a.h2.H2ConsoleAutoConfiguration    : H2 console available at '/h2-console'. Database available at 'jdbc:h2:./wendydb'
2025-03-06T12:09:52.229+02:00 r= ip=  INFO 2988 --- [wendys-family-tree] [main] o.s.b.w.embedded.tomcat.TomcatWebServer  : Tomcat started on port 8080 (http) with context path '/'
2025-03-06T12:09:52.234+02:00 r= ip=  INFO 2988 --- [wendys-family-tree] [main] .a.i.SeprIndividualAssignmentApplication : Started SeprIndividualAssignmentApplication in 1.832 seconds (process running for 2.085)
2025-03-06T12:10:08.839+02:00 r= ip=  INFO 2988 --- [wendys-family-tree] [SpringApplicationShutdownHook] o.s.b.w.e.tomcat.GracefulShutdown        : Commencing graceful shutdown. Waiting for active requests to complete
2025-03-06T12:10:08.845+02:00 r= ip=  INFO 2988 --- [wendys-family-tree] [tomcat-shutdown] o.s.b.w.e.tomcat.GracefulShutdown        : Graceful shutdown complete
2025-03-06T12:10:08.847+02:00 r= ip=  INFO 2988 --- [wendys-family-tree] [SpringApplicationShutdownHook] com.zaxxer.hikari.HikariDataSource       : HikariPool-1 - Shutdown initiated...
2025-03-06T12:10:08.849+02:00 r= ip=  INFO 2988 --- [wendys-family-tree] [SpringApplicationShutdownHook] com.zaxxer.hikari.HikariDataSource       : HikariPool-1 - Shutdown completed.
2025-03-06T12:35:31.102+02:00 r= ip=  INFO 1728 --- [wendys-family-tree] [main] a.a.t.s.a.i.persistence.HorseDaoTest     : Starting HorseDaoTest using Java 21.0.6 with PID 1728 (started by 11 in D:\TU\8 Semester\sepr\sepr-individual-assignment-Wendys-Family-Tree-java-template\Wendys-Family-Tree\backend)
2025-03-06T12:35:31.104+02:00 r= ip=  INFO 1728 --- [wendys-family-tree] [main] a.a.t.s.a.i.persistence.HorseDaoTest     : The following 2 profiles are active: "test", "datagen"
2025-03-06T12:35:32.029+02:00 r= ip=  INFO 1728 --- [wendys-family-tree] [main] a.a.t.s.a.i.p.DataGeneratorBean          : Generating data...
2025-03-06T12:35:32.030+02:00 r= ip=  INFO 1728 --- [wendys-family-tree] [main] com.zaxxer.hikari.HikariDataSource       : HikariPool-1 - Starting...
2025-03-06T12:35:32.250+02:00 r= ip=  INFO 1728 --- [wendys-family-tree] [main] com.zaxxer.hikari.pool.HikariPool        : HikariPool-1 - Added connection conn0: url=jdbc:h2:mem:testdb user=SA
2025-03-06T12:35:32.252+02:00 r= ip=  INFO 1728 --- [wendys-family-tree] [main] com.zaxxer.hikari.HikariDataSource       : HikariPool-1 - Start completed.
2025-03-06T12:35:32.264+02:00 r= ip=  INFO 1728 --- [wendys-family-tree] [main] a.a.t.s.a.i.p.DataGeneratorBean          : Finished generating data successfully.
2025-03-06T12:35:32.931+02:00 r= ip=  INFO 1728 --- [wendys-family-tree] [main] o.s.b.a.h2.H2ConsoleAutoConfiguration    : H2 console available at '/h2-console'. Database available at 'jdbc:h2:mem:testdb'
2025-03-06T12:35:33.009+02:00 r= ip=  INFO 1728 --- [wendys-family-tree] [main] a.a.t.s.a.i.persistence.HorseDaoTest     : Started HorseDaoTest in 2.229 seconds (process running for 3.46)
2025-03-06T12:35:33.763+02:00 r= ip=  INFO 1728 --- [wendys-family-tree] [main] t.c.s.AnnotationConfigContextLoaderUtils : Could not detect default configuration classes for test class [at.ac.tuwien.sepr.assignment.individual.rest.HorseEndpointTest]: HorseEndpointTest does not declare any static, non-private, non-final, nested classes annotated with @Configuration.
2025-03-06T12:35:33.783+02:00 r= ip=  INFO 1728 --- [wendys-family-tree] [main] .b.t.c.SpringBootTestContextBootstrapper : Found @SpringBootConfiguration at.ac.tuwien.sepr.assignment.individual.SeprIndividualAssignmentApplication for test class at.ac.tuwien.sepr.assignment.individual.rest.HorseEndpointTest
2025-03-06T12:35:33.832+02:00 r= ip=  INFO 1728 --- [wendys-family-tree] [main] a.a.t.s.a.i.rest.HorseEndpointTest       : Starting HorseEndpointTest using Java 21.0.6 with PID 1728 (started by 11 in D:\TU\8 Semester\sepr\sepr-individual-assignment-Wendys-Family-Tree-java-template\Wendys-Family-Tree\backend)
2025-03-06T12:35:33.832+02:00 r= ip=  INFO 1728 --- [wendys-family-tree] [main] a.a.t.s.a.i.rest.HorseEndpointTest       : The following 2 profiles are active: "test", "datagen"
2025-03-06T12:35:33.984+02:00 r= ip=  INFO 1728 --- [wendys-family-tree] [main] a.a.t.s.a.i.p.DataGeneratorBean          : Generating data...
2025-03-06T12:35:33.984+02:00 r= ip=  INFO 1728 --- [wendys-family-tree] [main] com.zaxxer.hikari.HikariDataSource       : HikariPool-2 - Starting...
2025-03-06T12:35:33.986+02:00 r= ip=  INFO 1728 --- [wendys-family-tree] [main] com.zaxxer.hikari.pool.HikariPool        : HikariPool-2 - Added connection conn10: url=jdbc:h2:mem:testdb user=SA
2025-03-06T12:35:33.986+02:00 r= ip=  INFO 1728 --- [wendys-family-tree] [main] com.zaxxer.hikari.HikariDataSource       : HikariPool-2 - Start completed.
2025-03-06T12:35:33.988+02:00 r= ip=  INFO 1728 --- [wendys-family-tree] [main] a.a.t.s.a.i.p.DataGeneratorBean          : Finished generating data successfully.
2025-03-06T12:35:34.053+02:00 r= ip=  INFO 1728 --- [wendys-family-tree] [main] o.s.b.a.h2.H2ConsoleAutoConfiguration    : H2 console available at '/h2-console'. Database available at 'jdbc:h2:mem:testdb'
2025-03-06T12:35:34.069+02:00 r= ip=  INFO 1728 --- [wendys-family-tree] [main] a.a.t.s.a.i.rest.HorseEndpointTest       : Started HorseEndpointTest in 0.278 seconds (process running for 4.52)
2025-03-06T12:35:34.092+02:00 r= ip=  INFO 1728 --- [wendys-family-tree] [main] o.s.b.t.m.w.SpringBootMockServletContext : Initializing Spring TestDispatcherServlet ''
2025-03-06T12:35:34.092+02:00 r= ip=  INFO 1728 --- [wendys-family-tree] [main] o.s.t.web.servlet.TestDispatcherServlet  : Initializing Servlet ''
2025-03-06T12:35:34.093+02:00 r= ip=  INFO 1728 --- [wendys-family-tree] [main] o.s.t.web.servlet.TestDispatcherServlet  : Completed initialization in 0 ms
2025-03-06T12:35:34.188+02:00 r= ip=  WARN 1728 --- [wendys-family-tree] [main] o.s.web.servlet.PageNotFound             : No mapping for GET /asdf123
2025-03-06T12:35:34.194+02:00 r= ip=  WARN 1728 --- [wendys-family-tree] [main] o.s.web.servlet.PageNotFound             : No endpoint GET /asdf123.
2025-03-06T12:35:34.204+02:00 r= ip=  INFO 1728 --- [wendys-family-tree] [main] o.s.b.t.m.w.SpringBootMockServletContext : Initializing Spring TestDispatcherServlet ''
2025-03-06T12:35:34.204+02:00 r= ip=  INFO 1728 --- [wendys-family-tree] [main] o.s.t.web.servlet.TestDispatcherServlet  : Initializing Servlet ''
2025-03-06T12:35:34.205+02:00 r= ip=  INFO 1728 --- [wendys-family-tree] [main] o.s.t.web.servlet.TestDispatcherServlet  : Completed initialization in 0 ms
2025-03-06T12:35:34.248+02:00 r= ip=  INFO 1728 --- [wendys-family-tree] [main] a.a.t.s.a.individual.rest.HorseEndpoint  : GET /horses
2025-03-06T12:35:34.370+02:00 r= ip=  INFO 1728 --- [wendys-family-tree] [main] t.c.s.AnnotationConfigContextLoaderUtils : Could not detect default configuration classes for test class [at.ac.tuwien.sepr.assignment.individual.SeprIndividualAssignmentApplicationTests]: SeprIndividualAssignmentApplicationTests does not declare any static, non-private, non-final, nested classes annotated with @Configuration.
2025-03-06T12:35:34.377+02:00 r= ip=  INFO 1728 --- [wendys-family-tree] [main] .b.t.c.SpringBootTestContextBootstrapper : Found @SpringBootConfiguration at.ac.tuwien.sepr.assignment.individual.SeprIndividualAssignmentApplication for test class at.ac.tuwien.sepr.assignment.individual.SeprIndividualAssignmentApplicationTests
2025-03-06T12:35:34.404+02:00 r= ip=  INFO 1728 --- [wendys-family-tree] [main] SeprIndividualAssignmentApplicationTests : Starting SeprIndividualAssignmentApplicationTests using Java 21.0.6 with PID 1728 (started by 11 in D:\TU\8 Semester\sepr\sepr-individual-assignment-Wendys-Family-Tree-java-template\Wendys-Family-Tree\backend)
2025-03-06T12:35:34.405+02:00 r= ip=  INFO 1728 --- [wendys-family-tree] [main] SeprIndividualAssignmentApplicationTests : The following 1 profile is active: "test"
2025-03-06T12:35:34.655+02:00 r= ip=  INFO 1728 --- [wendys-family-tree] [main] com.zaxxer.hikari.HikariDataSource       : HikariPool-3 - Starting...
2025-03-06T12:35:34.657+02:00 r= ip=  INFO 1728 --- [wendys-family-tree] [main] com.zaxxer.hikari.pool.HikariPool        : HikariPool-3 - Added connection conn20: url=jdbc:h2:mem:testdb user=SA
2025-03-06T12:35:34.657+02:00 r= ip=  INFO 1728 --- [wendys-family-tree] [main] com.zaxxer.hikari.HikariDataSource       : HikariPool-3 - Start completed.
2025-03-06T12:35:34.657+02:00 r= ip=  INFO 1728 --- [wendys-family-tree] [main] o.s.b.a.h2.H2ConsoleAutoConfiguration    : H2 console available at '/h2-console'. Database available at 'jdbc:h2:mem:testdb'
2025-03-06T12:35:34.666+02:00 r= ip=  INFO 1728 --- [wendys-family-tree] [main] SeprIndividualAssignmentApplicationTests : Started SeprIndividualAssignmentApplicationTests in 0.285 seconds (process running for 5.117)
2025-03-06T12:35:34.676+02:00 r= ip=  INFO 1728 --- [wendys-family-tree] [main] t.c.s.AnnotationConfigContextLoaderUtils : Could not detect default configuration classes for test class [at.ac.tuwien.sepr.assignment.individual.service.HorseServiceTest]: HorseServiceTest does not declare any static, non-private, non-final, nested classes annotated with @Configuration.
2025-03-06T12:35:34.681+02:00 r= ip=  INFO 1728 --- [wendys-family-tree] [main] .b.t.c.SpringBootTestContextBootstrapper : Found @SpringBootConfiguration at.ac.tuwien.sepr.assignment.individual.SeprIndividualAssignmentApplication for test class at.ac.tuwien.sepr.assignment.individual.service.HorseServiceTest
2025-03-06T12:35:34.727+02:00 r= ip=  INFO 1728 --- [wendys-family-tree] [SpringApplicationShutdownHook] com.zaxxer.hikari.HikariDataSource       : HikariPool-1 - Shutdown initiated...
2025-03-06T12:35:34.730+02:00 r= ip=  INFO 1728 --- [wendys-family-tree] [SpringApplicationShutdownHook] com.zaxxer.hikari.HikariDataSource       : HikariPool-1 - Shutdown completed.
2025-03-06T12:35:34.732+02:00 r= ip=  INFO 1728 --- [wendys-family-tree] [SpringApplicationShutdownHook] com.zaxxer.hikari.HikariDataSource       : HikariPool-2 - Shutdown initiated...
2025-03-06T12:35:34.734+02:00 r= ip=  INFO 1728 --- [wendys-family-tree] [SpringApplicationShutdownHook] com.zaxxer.hikari.HikariDataSource       : HikariPool-2 - Shutdown completed.
2025-03-06T12:35:34.735+02:00 r= ip=  INFO 1728 --- [wendys-family-tree] [SpringApplicationShutdownHook] com.zaxxer.hikari.HikariDataSource       : HikariPool-3 - Shutdown initiated...
2025-03-06T12:35:34.738+02:00 r= ip=  INFO 1728 --- [wendys-family-tree] [SpringApplicationShutdownHook] com.zaxxer.hikari.HikariDataSource       : HikariPool-3 - Shutdown completed.
2025-03-06T12:59:20.266+02:00 r= ip=  INFO 20348 --- [wendys-family-tree] [main] a.a.t.s.a.i.persistence.HorseDaoTest     : Starting HorseDaoTest using Java 21.0.6 with PID 20348 (started by 11 in D:\TU\8 Semester\sepr\sepr-individual-assignment-Wendys-Family-Tree-java-template\Wendys-Family-Tree\backend)
2025-03-06T12:59:20.269+02:00 r= ip=  INFO 20348 --- [wendys-family-tree] [main] a.a.t.s.a.i.persistence.HorseDaoTest     : The following 2 profiles are active: "test", "datagen"
2025-03-06T12:59:21.311+02:00 r= ip=  INFO 20348 --- [wendys-family-tree] [main] a.a.t.s.a.i.p.DataGeneratorBean          : Generating data...
2025-03-06T12:59:21.312+02:00 r= ip=  INFO 20348 --- [wendys-family-tree] [main] com.zaxxer.hikari.HikariDataSource       : HikariPool-1 - Starting...
2025-03-06T12:59:21.577+02:00 r= ip=  INFO 20348 --- [wendys-family-tree] [main] com.zaxxer.hikari.pool.HikariPool        : HikariPool-1 - Added connection conn0: url=jdbc:h2:mem:testdb user=SA
2025-03-06T12:59:21.578+02:00 r= ip=  INFO 20348 --- [wendys-family-tree] [main] com.zaxxer.hikari.HikariDataSource       : HikariPool-1 - Start completed.
2025-03-06T12:59:21.588+02:00 r= ip=  INFO 20348 --- [wendys-family-tree] [main] a.a.t.s.a.i.p.DataGeneratorBean          : Finished generating data successfully.
2025-03-06T12:59:22.233+02:00 r= ip=  INFO 20348 --- [wendys-family-tree] [main] o.s.b.a.h2.H2ConsoleAutoConfiguration    : H2 console available at '/h2-console'. Database available at 'jdbc:h2:mem:testdb'
2025-03-06T12:59:22.314+02:00 r= ip=  INFO 20348 --- [wendys-family-tree] [main] a.a.t.s.a.i.persistence.HorseDaoTest     : Started HorseDaoTest in 2.438 seconds (process running for 4.095)
2025-03-06T12:59:23.214+02:00 r= ip=  INFO 20348 --- [wendys-family-tree] [main] t.c.s.AnnotationConfigContextLoaderUtils : Could not detect default configuration classes for test class [at.ac.tuwien.sepr.assignment.individual.rest.HorseEndpointTest]: HorseEndpointTest does not declare any static, non-private, non-final, nested classes annotated with @Configuration.
2025-03-06T12:59:23.242+02:00 r= ip=  INFO 20348 --- [wendys-family-tree] [main] .b.t.c.SpringBootTestContextBootstrapper : Found @SpringBootConfiguration at.ac.tuwien.sepr.assignment.individual.SeprIndividualAssignmentApplication for test class at.ac.tuwien.sepr.assignment.individual.rest.HorseEndpointTest
2025-03-06T12:59:23.282+02:00 r= ip=  INFO 20348 --- [wendys-family-tree] [main] a.a.t.s.a.i.rest.HorseEndpointTest       : Starting HorseEndpointTest using Java 21.0.6 with PID 20348 (started by 11 in D:\TU\8 Semester\sepr\sepr-individual-assignment-Wendys-Family-Tree-java-template\Wendys-Family-Tree\backend)
2025-03-06T12:59:23.283+02:00 r= ip=  INFO 20348 --- [wendys-family-tree] [main] a.a.t.s.a.i.rest.HorseEndpointTest       : The following 2 profiles are active: "test", "datagen"
2025-03-06T12:59:23.463+02:00 r= ip=  INFO 20348 --- [wendys-family-tree] [main] a.a.t.s.a.i.p.DataGeneratorBean          : Generating data...
2025-03-06T12:59:23.464+02:00 r= ip=  INFO 20348 --- [wendys-family-tree] [main] com.zaxxer.hikari.HikariDataSource       : HikariPool-2 - Starting...
2025-03-06T12:59:23.467+02:00 r= ip=  INFO 20348 --- [wendys-family-tree] [main] com.zaxxer.hikari.pool.HikariPool        : HikariPool-2 - Added connection conn10: url=jdbc:h2:mem:testdb user=SA
2025-03-06T12:59:23.467+02:00 r= ip=  INFO 20348 --- [wendys-family-tree] [main] com.zaxxer.hikari.HikariDataSource       : HikariPool-2 - Start completed.
2025-03-06T12:59:23.469+02:00 r= ip=  INFO 20348 --- [wendys-family-tree] [main] a.a.t.s.a.i.p.DataGeneratorBean          : Finished generating data successfully.
2025-03-06T12:59:23.547+02:00 r= ip=  INFO 20348 --- [wendys-family-tree] [main] o.s.b.a.h2.H2ConsoleAutoConfiguration    : H2 console available at '/h2-console'. Database available at 'jdbc:h2:mem:testdb'
2025-03-06T12:59:23.563+02:00 r= ip=  INFO 20348 --- [wendys-family-tree] [main] a.a.t.s.a.i.rest.HorseEndpointTest       : Started HorseEndpointTest in 0.314 seconds (process running for 5.344)
2025-03-06T12:59:23.585+02:00 r= ip=  INFO 20348 --- [wendys-family-tree] [main] o.s.b.t.m.w.SpringBootMockServletContext : Initializing Spring TestDispatcherServlet ''
2025-03-06T12:59:23.585+02:00 r= ip=  INFO 20348 --- [wendys-family-tree] [main] o.s.t.web.servlet.TestDispatcherServlet  : Initializing Servlet ''
2025-03-06T12:59:23.586+02:00 r= ip=  INFO 20348 --- [wendys-family-tree] [main] o.s.t.web.servlet.TestDispatcherServlet  : Completed initialization in 1 ms
2025-03-06T12:59:23.693+02:00 r= ip=  WARN 20348 --- [wendys-family-tree] [main] o.s.web.servlet.PageNotFound             : No mapping for GET /asdf123
2025-03-06T12:59:23.707+02:00 r= ip=  WARN 20348 --- [wendys-family-tree] [main] o.s.web.servlet.PageNotFound             : No endpoint GET /asdf123.
2025-03-06T12:59:23.728+02:00 r= ip=  INFO 20348 --- [wendys-family-tree] [main] o.s.b.t.m.w.SpringBootMockServletContext : Initializing Spring TestDispatcherServlet ''
2025-03-06T12:59:23.730+02:00 r= ip=  INFO 20348 --- [wendys-family-tree] [main] o.s.t.web.servlet.TestDispatcherServlet  : Initializing Servlet ''
2025-03-06T12:59:23.730+02:00 r= ip=  INFO 20348 --- [wendys-family-tree] [main] o.s.t.web.servlet.TestDispatcherServlet  : Completed initialization in 0 ms
2025-03-06T12:59:23.780+02:00 r= ip=  INFO 20348 --- [wendys-family-tree] [main] a.a.t.s.a.individual.rest.HorseEndpoint  : GET /horses
2025-03-06T12:59:23.878+02:00 r= ip=  INFO 20348 --- [wendys-family-tree] [main] t.c.s.AnnotationConfigContextLoaderUtils : Could not detect default configuration classes for test class [at.ac.tuwien.sepr.assignment.individual.SeprIndividualAssignmentApplicationTests]: SeprIndividualAssignmentApplicationTests does not declare any static, non-private, non-final, nested classes annotated with @Configuration.
2025-03-06T12:59:23.885+02:00 r= ip=  INFO 20348 --- [wendys-family-tree] [main] .b.t.c.SpringBootTestContextBootstrapper : Found @SpringBootConfiguration at.ac.tuwien.sepr.assignment.individual.SeprIndividualAssignmentApplication for test class at.ac.tuwien.sepr.assignment.individual.SeprIndividualAssignmentApplicationTests
2025-03-06T12:59:23.908+02:00 r= ip=  INFO 20348 --- [wendys-family-tree] [main] SeprIndividualAssignmentApplicationTests : Starting SeprIndividualAssignmentApplicationTests using Java 21.0.6 with PID 20348 (started by 11 in D:\TU\8 Semester\sepr\sepr-individual-assignment-Wendys-Family-Tree-java-template\Wendys-Family-Tree\backend)
2025-03-06T12:59:23.908+02:00 r= ip=  INFO 20348 --- [wendys-family-tree] [main] SeprIndividualAssignmentApplicationTests : The following 1 profile is active: "test"
2025-03-06T12:59:24.146+02:00 r= ip=  INFO 20348 --- [wendys-family-tree] [main] com.zaxxer.hikari.HikariDataSource       : HikariPool-3 - Starting...
2025-03-06T12:59:24.148+02:00 r= ip=  INFO 20348 --- [wendys-family-tree] [main] com.zaxxer.hikari.pool.HikariPool        : HikariPool-3 - Added connection conn20: url=jdbc:h2:mem:testdb user=SA
2025-03-06T12:59:24.148+02:00 r= ip=  INFO 20348 --- [wendys-family-tree] [main] com.zaxxer.hikari.HikariDataSource       : HikariPool-3 - Start completed.
2025-03-06T12:59:24.149+02:00 r= ip=  INFO 20348 --- [wendys-family-tree] [main] o.s.b.a.h2.H2ConsoleAutoConfiguration    : H2 console available at '/h2-console'. Database available at 'jdbc:h2:mem:testdb'
2025-03-06T12:59:24.158+02:00 r= ip=  INFO 20348 --- [wendys-family-tree] [main] SeprIndividualAssignmentApplicationTests : Started SeprIndividualAssignmentApplicationTests in 0.269 seconds (process running for 5.939)
2025-03-06T12:59:24.165+02:00 r= ip=  INFO 20348 --- [wendys-family-tree] [main] t.c.s.AnnotationConfigContextLoaderUtils : Could not detect default configuration classes for test class [at.ac.tuwien.sepr.assignment.individual.service.HorseServiceTest]: HorseServiceTest does not declare any static, non-private, non-final, nested classes annotated with @Configuration.
2025-03-06T12:59:24.173+02:00 r= ip=  INFO 20348 --- [wendys-family-tree] [main] .b.t.c.SpringBootTestContextBootstrapper : Found @SpringBootConfiguration at.ac.tuwien.sepr.assignment.individual.SeprIndividualAssignmentApplication for test class at.ac.tuwien.sepr.assignment.individual.service.HorseServiceTest
2025-03-06T12:59:24.212+02:00 r= ip=  INFO 20348 --- [wendys-family-tree] [SpringApplicationShutdownHook] com.zaxxer.hikari.HikariDataSource       : HikariPool-1 - Shutdown initiated...
2025-03-06T12:59:24.216+02:00 r= ip=  INFO 20348 --- [wendys-family-tree] [SpringApplicationShutdownHook] com.zaxxer.hikari.HikariDataSource       : HikariPool-1 - Shutdown completed.
2025-03-06T12:59:24.218+02:00 r= ip=  INFO 20348 --- [wendys-family-tree] [SpringApplicationShutdownHook] com.zaxxer.hikari.HikariDataSource       : HikariPool-2 - Shutdown initiated...
2025-03-06T12:59:24.219+02:00 r= ip=  INFO 20348 --- [wendys-family-tree] [SpringApplicationShutdownHook] com.zaxxer.hikari.HikariDataSource       : HikariPool-2 - Shutdown completed.
2025-03-06T12:59:24.221+02:00 r= ip=  INFO 20348 --- [wendys-family-tree] [SpringApplicationShutdownHook] com.zaxxer.hikari.HikariDataSource       : HikariPool-3 - Shutdown initiated...
2025-03-06T12:59:24.223+02:00 r= ip=  INFO 20348 --- [wendys-family-tree] [SpringApplicationShutdownHook] com.zaxxer.hikari.HikariDataSource       : HikariPool-3 - Shutdown completed.
2025-03-06T13:01:26.480+02:00 r= ip=  INFO 4964 --- [wendys-family-tree] [main] .a.i.SeprIndividualAssignmentApplication : Starting SeprIndividualAssignmentApplication using Java 21.0.6 with PID 4964 (D:\TU\8 Semester\sepr\sepr-individual-assignment-Wendys-Family-Tree-java-template\Wendys-Family-Tree\backend\target\classes started by 11 in D:\TU\8 Semester\sepr\sepr-individual-assignment-Wendys-Family-Tree-java-template\Wendys-Family-Tree\backend)
2025-03-06T13:01:26.483+02:00 r= ip=  INFO 4964 --- [wendys-family-tree] [main] .a.i.SeprIndividualAssignmentApplication : No active profile set, falling back to 1 default profile: "default"
2025-03-06T13:01:27.125+02:00 r= ip=  INFO 4964 --- [wendys-family-tree] [main] o.s.b.w.embedded.tomcat.TomcatWebServer  : Tomcat initialized with port 8080 (http)
2025-03-06T13:01:27.135+02:00 r= ip=  INFO 4964 --- [wendys-family-tree] [main] o.apache.catalina.core.StandardService   : Starting service [Tomcat]
2025-03-06T13:01:27.135+02:00 r= ip=  INFO 4964 --- [wendys-family-tree] [main] o.apache.catalina.core.StandardEngine    : Starting Servlet engine: [Apache Tomcat/10.1.36]
2025-03-06T13:01:27.163+02:00 r= ip=  INFO 4964 --- [wendys-family-tree] [main] o.a.c.c.C.[Tomcat].[localhost].[/]       : Initializing Spring embedded WebApplicationContext
2025-03-06T13:01:27.164+02:00 r= ip=  INFO 4964 --- [wendys-family-tree] [main] w.s.c.ServletWebServerApplicationContext : Root WebApplicationContext: initialization completed in 648 ms
2025-03-06T13:01:27.396+02:00 r= ip=  INFO 4964 --- [wendys-family-tree] [main] com.zaxxer.hikari.HikariDataSource       : HikariPool-1 - Starting...
2025-03-06T13:01:27.609+02:00 r= ip=  INFO 4964 --- [wendys-family-tree] [main] com.zaxxer.hikari.pool.HikariPool        : HikariPool-1 - Added connection conn1: url=jdbc:h2:./wendydb user=SA
2025-03-06T13:01:27.611+02:00 r= ip=  INFO 4964 --- [wendys-family-tree] [main] com.zaxxer.hikari.HikariDataSource       : HikariPool-1 - Start completed.
2025-03-06T13:01:27.617+02:00 r= ip=  INFO 4964 --- [wendys-family-tree] [main] o.s.b.a.h2.H2ConsoleAutoConfiguration    : H2 console available at '/h2-console'. Database available at 'jdbc:h2:./wendydb'
2025-03-06T13:01:27.651+02:00 r= ip=  INFO 4964 --- [wendys-family-tree] [main] o.s.b.w.embedded.tomcat.TomcatWebServer  : Tomcat started on port 8080 (http) with context path '/'
2025-03-06T13:01:27.655+02:00 r= ip=  INFO 4964 --- [wendys-family-tree] [main] .a.i.SeprIndividualAssignmentApplication : Started SeprIndividualAssignmentApplication in 1.459 seconds (process running for 1.639)
2025-03-06T13:04:19.360+02:00 r= ip=  INFO 4964 --- [wendys-family-tree] [SpringApplicationShutdownHook] o.s.b.w.e.tomcat.GracefulShutdown        : Commencing graceful shutdown. Waiting for active requests to complete
2025-03-06T13:04:19.368+02:00 r= ip=  INFO 4964 --- [wendys-family-tree] [tomcat-shutdown] o.s.b.w.e.tomcat.GracefulShutdown        : Graceful shutdown complete
2025-03-06T13:04:19.371+02:00 r= ip=  INFO 4964 --- [wendys-family-tree] [SpringApplicationShutdownHook] com.zaxxer.hikari.HikariDataSource       : HikariPool-1 - Shutdown initiated...
2025-03-06T13:04:19.372+02:00 r= ip=  INFO 4964 --- [wendys-family-tree] [SpringApplicationShutdownHook] com.zaxxer.hikari.HikariDataSource       : HikariPool-1 - Shutdown completed.
